<?xml version="1.0" encoding="UTF-8"?>
<!-- Generated by org.testng.reporters.JUnitReportReporter -->
<testsuite skipped="0" hostname="dffee7802d29" name="com.searchmodule.tests.SearchTest" tests="5" failures="0" timestamp="2019-11-06T05:24:21 GMT" time="21.720" errors="0">
  <testcase name="search" time="3.849" classname="com.searchmodule.tests.SearchTest"/>
  <testcase name="search" time="7.366" classname="com.searchmodule.tests.SearchTest"/>
  <testcase name="search" time="3.491" classname="com.searchmodule.tests.SearchTest"/>
  <testcase name="search" time="3.473" classname="com.searchmodule.tests.SearchTest"/>
  <testcase name="search" time="3.541" classname="com.searchmodule.tests.SearchTest"/>
</testsuite> <!-- com.searchmodule.tests.SearchTest -->
