<?xml version="1.0" encoding="UTF-8"?>
<!-- Generated by org.testng.reporters.JUnitReportReporter -->
<testsuite skipped="0" hostname="e737b90b2e15" name="com.newtours.tests.BookFlightTest" tests="15" failures="0" timestamp="2019-11-06T05:24:03 GMT" time="84.533" errors="0">
  <testcase name="findFlightPage" time="1.591" classname="com.newtours.tests.BookFlightTest"/>
  <testcase name="findFlightPage" time="1.439" classname="com.newtours.tests.BookFlightTest"/>
  <testcase name="registrationPage" time="28.200" classname="com.newtours.tests.BookFlightTest"/>
  <testcase name="registrationConfirmationPage" time="0.588" classname="com.newtours.tests.BookFlightTest"/>
  <testcase name="registrationPage" time="22.012" classname="com.newtours.tests.BookFlightTest"/>
  <testcase name="registrationConfirmationPage" time="0.563" classname="com.newtours.tests.BookFlightTest"/>
  <testcase name="flightDetailsPage" time="0.986" classname="com.newtours.tests.BookFlightTest"/>
  <testcase name="registrationPage" time="21.989" classname="com.newtours.tests.BookFlightTest"/>
  <testcase name="findFlightPage" time="2.121" classname="com.newtours.tests.BookFlightTest"/>
  <testcase name="flightConfirmationPage" time="0.795" classname="com.newtours.tests.BookFlightTest"/>
  <testcase name="flightDetailsPage" time="0.981" classname="com.newtours.tests.BookFlightTest"/>
  <testcase name="flightDetailsPage" time="0.859" classname="com.newtours.tests.BookFlightTest"/>
  <testcase name="flightConfirmationPage" time="0.984" classname="com.newtours.tests.BookFlightTest"/>
  <testcase name="flightConfirmationPage" time="0.765" classname="com.newtours.tests.BookFlightTest"/>
  <testcase name="registrationConfirmationPage" time="0.660" classname="com.newtours.tests.BookFlightTest"/>
</testsuite> <!-- com.newtours.tests.BookFlightTest -->
