<?xml version="1.0" encoding="UTF-8"?>
<!-- Generated by org.testng.reporters.JUnitReportReporter -->
<testsuite skipped="0" hostname="6065f776dd88" name="com.newtours.tests.BookFlightTest" tests="10" failures="0" timestamp="2019-11-06T05:24:04 GMT" time="43.094" errors="0">
  <testcase name="flightConfirmationPage" time="0.901" classname="com.newtours.tests.BookFlightTest"/>
  <testcase name="registrationConfirmationPage" time="11.959" classname="com.newtours.tests.BookFlightTest"/>
  <testcase name="registrationPage" time="5.942" classname="com.newtours.tests.BookFlightTest"/>
  <testcase name="flightDetailsPage" time="0.796" classname="com.newtours.tests.BookFlightTest"/>
  <testcase name="registrationPage" time="6.184" classname="com.newtours.tests.BookFlightTest"/>
  <testcase name="flightDetailsPage" time="0.643" classname="com.newtours.tests.BookFlightTest"/>
  <testcase name="findFlightPage" time="1.108" classname="com.newtours.tests.BookFlightTest"/>
  <testcase name="registrationConfirmationPage" time="13.638" classname="com.newtours.tests.BookFlightTest"/>
  <testcase name="findFlightPage" time="1.027" classname="com.newtours.tests.BookFlightTest"/>
  <testcase name="flightConfirmationPage" time="0.896" classname="com.newtours.tests.BookFlightTest"/>
</testsuite> <!-- com.newtours.tests.BookFlightTest -->
