<?xml version="1.0" encoding="UTF-8"?>
<!-- Generated by org.testng.reporters.JUnitReportReporter -->
<testsuite skipped="0" hostname="7f69b63d582a" name="com.searchmodule.tests.SearchTest" tests="5" failures="0" timestamp="2019-11-06T05:24:34 GMT" time="16.050" errors="0">
  <testcase name="search" time="3.291" classname="com.searchmodule.tests.SearchTest"/>
  <testcase name="search" time="3.462" classname="com.searchmodule.tests.SearchTest"/>
  <testcase name="search" time="4.316" classname="com.searchmodule.tests.SearchTest"/>
  <testcase name="search" time="2.529" classname="com.searchmodule.tests.SearchTest"/>
  <testcase name="search" time="2.452" classname="com.searchmodule.tests.SearchTest"/>
</testsuite> <!-- com.searchmodule.tests.SearchTest -->
